<?xml version="1.0" encoding="UTF-8"?>
<!-- Generated by org.testng.reporters.JUnitXMLReporter -->
<testsuite ignored="0" hostname="DESKTOP-1L4S8NM" failures="0" tests="3" name="Test" time="121.784" errors="0" timestamp="08 Sep 2021 12:13:12 GMT">
  <testcase classname="com.seleniumtest1.seleniumtest1.NewTest" name="f" time="0.001"/>
  <testcase classname="com.seleniumtest1.seleniumtest1.amazondemo" name="testJbkTitle" time="14.896"/>
  <testcase classname="com.seleniumtest1.seleniumtest1.googledemo" name="testJbkTitle" time="20.004"/>
</testsuite> <!-- Test -->
