<?xml version="1.0" encoding="UTF-8"?>
<testng-results ignored="0" total="3" passed="3" failed="0" skipped="0">
  <reporter-output>
  </reporter-output>
  <suite started-at="2021-09-08T12:11:09Z" name="Suite" finished-at="2021-09-08T12:13:11Z" duration-ms="121784">
    <groups>
    </groups>
    <test started-at="2021-09-08T12:11:09Z" name="Test" finished-at="2021-09-08T12:13:11Z" duration-ms="121784">
      <class name="com.seleniumtest1.seleniumtest1.NewTest">
        <test-method is-config="true" signature="beforeTest()[pri:0, instance:com.seleniumtest1.seleniumtest1.NewTest@48c76607]" started-at="2021-09-08T12:11:09Z" name="beforeTest" finished-at="2021-09-08T12:11:09Z" duration-ms="19" status="PASS">
          <reporter-output>
          </reporter-output>
        </test-method> <!-- beforeTest -->
        <test-method is-config="true" signature="beforeTest()[pri:0, instance:com.seleniumtest1.seleniumtest1.amazondemo@43599640]" started-at="2021-09-08T12:11:09Z" name="beforeTest" finished-at="2021-09-08T12:11:54Z" duration-ms="44313" status="PASS">
          <reporter-output>
          </reporter-output>
        </test-method> <!-- beforeTest -->
        <test-method is-config="true" signature="beforeTest()[pri:0, instance:com.seleniumtest1.seleniumtest1.googledemo@1f81aa00]" started-at="2021-09-08T12:11:54Z" name="beforeTest" finished-at="2021-09-08T12:12:11Z" duration-ms="17689" status="PASS">
          <reporter-output>
          </reporter-output>
        </test-method> <!-- beforeTest -->
        <test-method signature="f()[pri:0, instance:com.seleniumtest1.seleniumtest1.NewTest@48c76607]" started-at="2021-09-08T12:12:11Z" name="f" finished-at="2021-09-08T12:12:11Z" duration-ms="1" status="PASS">
          <reporter-output>
          </reporter-output>
        </test-method> <!-- f -->
        <test-method is-config="true" signature="afterTest()[pri:0, instance:com.seleniumtest1.seleniumtest1.amazondemo@43599640]" started-at="2021-09-08T12:12:46Z" name="afterTest" finished-at="2021-09-08T12:13:08Z" duration-ms="21685" status="PASS">
          <reporter-output>
          </reporter-output>
        </test-method> <!-- afterTest -->
        <test-method is-config="true" signature="afterTest()[pri:0, instance:com.seleniumtest1.seleniumtest1.NewTest@48c76607]" started-at="2021-09-08T12:12:46Z" name="afterTest" finished-at="2021-09-08T12:12:46Z" duration-ms="0" status="PASS">
          <reporter-output>
          </reporter-output>
        </test-method> <!-- afterTest -->
        <test-method is-config="true" signature="afterTest()[pri:0, instance:com.seleniumtest1.seleniumtest1.googledemo@1f81aa00]" started-at="2021-09-08T12:13:08Z" name="afterTest" finished-at="2021-09-08T12:13:11Z" duration-ms="3141" status="PASS">
          <reporter-output>
          </reporter-output>
        </test-method> <!-- afterTest -->
      </class> <!-- com.seleniumtest1.seleniumtest1.NewTest -->
      <class name="com.seleniumtest1.seleniumtest1.amazondemo">
        <test-method signature="testJbkTitle()[pri:0, instance:com.seleniumtest1.seleniumtest1.amazondemo@43599640]" started-at="2021-09-08T12:12:11Z" name="testJbkTitle" finished-at="2021-09-08T12:12:26Z" duration-ms="14896" status="PASS">
          <reporter-output>
          </reporter-output>
        </test-method> <!-- testJbkTitle -->
      </class> <!-- com.seleniumtest1.seleniumtest1.amazondemo -->
      <class name="com.seleniumtest1.seleniumtest1.googledemo">
        <test-method signature="testJbkTitle()[pri:0, instance:com.seleniumtest1.seleniumtest1.googledemo@1f81aa00]" started-at="2021-09-08T12:12:26Z" name="testJbkTitle" finished-at="2021-09-08T12:12:46Z" duration-ms="20004" status="PASS">
          <reporter-output>
          </reporter-output>
        </test-method> <!-- testJbkTitle -->
      </class> <!-- com.seleniumtest1.seleniumtest1.googledemo -->
    </test> <!-- Test -->
  </suite> <!-- Suite -->
</testng-results>
